<?xml version="1.0" encoding="UTF-8"?>
<testsuite xmlns:xsi="http://www.w3.org/2001/XMLSchema-instance" xsi:noNamespaceSchemaLocation="https://maven.apache.org/surefire/maven-surefire-plugin/xsd/surefire-test-report.xsd" name="com.qa.CustomerAccount.Service.CustomerAccountServiceDBUnitTest" time="1.663" tests="5" errors="0" skipped="1" failures="0">
  <properties>
[...]
</properties>
  <testcase name="testReplaceCustomerAccountInfo" classname="com.qa.CustomerAccount.Service.CustomerAccountServiceDBUnitTest" time="0">
    <skipped message="void com.qa.CustomerAccount.Service.CustomerAccountServiceDBUnitTest.testReplaceCustomerAccountInfo() is @Disabled"/>
    <system-out><![CDATA[2021-11-12 11:10:05.496  INFO 22880 --- [           main] .b.t.c.SpringBootTestContextBootstrapper : Neither @ContextConfiguration nor @ContextHierarchy found for test class [com.qa.CustomerAccount.Service.CustomerAccountServiceDBUnitTest], using SpringBootContextLoader
2021-11-12 11:10:05.497  INFO 22880 --- [           main] o.s.t.c.support.AbstractContextLoader    : Could not detect default resource locations for test class [com.qa.CustomerAccount.Service.CustomerAccountServiceDBUnitTest]: no resource found for suffixes {-context.xml, Context.groovy}.
2021-11-12 11:10:05.497  INFO 22880 --- [           main] t.c.s.AnnotationConfigContextLoaderUtils : Could not detect default configuration classes for test class [com.qa.CustomerAccount.Service.CustomerAccountServiceDBUnitTest]: CustomerAccountServiceDBUnitTest does not declare any static, non-private, non-final, nested classes annotated with @Configuration.
2021-11-12 11:10:05.521  INFO 22880 --- [           main] .b.t.c.SpringBootTestContextBootstrapper : Found @SpringBootConfiguration com.qa.CustomerAccount.EcommerceApp for test class com.qa.CustomerAccount.Service.CustomerAccountServiceDBUnitTest
2021-11-12 11:10:05.524  INFO 22880 --- [           main] .b.t.c.SpringBootTestContextBootstrapper : Loaded default TestExecutionListener class names from location [META-INF/spring.factories]: [org.springframework.boot.test.mock.mockito.MockitoTestExecutionListener, org.springframework.boot.test.mock.mockito.ResetMocksTestExecutionListener, org.springframework.boot.test.autoconfigure.restdocs.RestDocsTestExecutionListener, org.springframework.boot.test.autoconfigure.web.client.MockRestServiceServerResetTestExecutionListener, org.springframework.boot.test.autoconfigure.web.servlet.MockMvcPrintOnlyOnFailureTestExecutionListener, org.springframework.boot.test.autoconfigure.web.servlet.WebDriverTestExecutionListener, org.springframework.boot.test.autoconfigure.webservices.client.MockWebServiceServerTestExecutionListener, org.springframework.test.context.web.ServletTestExecutionListener, org.springframework.test.context.support.DirtiesContextBeforeModesTestExecutionListener, org.springframework.test.context.event.ApplicationEventsTestExecutionListener, org.springframework.test.context.support.DependencyInjectionTestExecutionListener, org.springframework.test.context.support.DirtiesContextTestExecutionListener, org.springframework.test.context.transaction.TransactionalTestExecutionListener, org.springframework.test.context.jdbc.SqlScriptsTestExecutionListener, org.springframework.test.context.event.EventPublishingTestExecutionListener]
2021-11-12 11:10:05.524  INFO 22880 --- [           main] .b.t.c.SpringBootTestContextBootstrapper : Using TestExecutionListeners: [org.springframework.test.context.web.ServletTestExecutionListener@6bab8290, org.springframework.test.context.support.DirtiesContextBeforeModesTestExecutionListener@4a985388, org.springframework.test.context.event.ApplicationEventsTestExecutionListener@15c8b75c, org.springframework.boot.test.mock.mockito.MockitoTestExecutionListener@26fc464f, org.springframework.boot.test.autoconfigure.SpringBootDependencyInjectionTestExecutionListener@1174ff02, org.springframework.test.context.support.DirtiesContextTestExecutionListener@1978eab7, org.springframework.test.context.transaction.TransactionalTestExecutionListener@49dacc93, org.springframework.test.context.jdbc.SqlScriptsTestExecutionListener@dd025d9, org.springframework.test.context.event.EventPublishingTestExecutionListener@3bea478e, org.springframework.boot.test.mock.mockito.ResetMocksTestExecutionListener@65192f16, org.springframework.boot.test.autoconfigure.restdocs.RestDocsTestExecutionListener@7ab8c972, org.springframework.boot.test.autoconfigure.web.client.MockRestServiceServerResetTestExecutionListener@76cad511, org.springframework.boot.test.autoconfigure.web.servlet.MockMvcPrintOnlyOnFailureTestExecutionListener@1ff52a71, org.springframework.boot.test.autoconfigure.web.servlet.WebDriverTestExecutionListener@3338d706, org.springframework.boot.test.autoconfigure.webservices.client.MockWebServiceServerTestExecutionListener@f776b4a]

  .   ____          _            __ _ _
 /\\ / ___'_ __ _ _(_)_ __  __ _ \ \ \ \
( ( )\___ | '_ | '_| | '_ \/ _` | \ \ \ \
 \\/  ___)| |_)| | | | | || (_| |  ) ) ) )
  '  |____| .__|_| |_|_| |_\__, | / / / /
 =========|_|==============|___/=/_/_/_/
 :: Spring Boot ::                (v2.5.6)

2021-11-12 11:10:05.579  INFO 22880 --- [           main] c.q.C.S.CustomerAccountServiceDBUnitTest : Starting CustomerAccountServiceDBUnitTest using Java 17 on JumbeHome-PC with PID 22880 (started by Jumbe Home in C:\Users\Jumbe Home\OneDrive\Cloud academy\Java final project\EcommerceApp)
2021-11-12 11:10:05.579  INFO 22880 --- [           main] c.q.C.S.CustomerAccountServiceDBUnitTest : The following profiles are active: test
2021-11-12 11:10:05.846  INFO 22880 --- [           main] .s.d.r.c.RepositoryConfigurationDelegate : Bootstrapping Spring Data JPA repositories in DEFAULT mode.
2021-11-12 11:10:05.865  INFO 22880 --- [           main] .s.d.r.c.RepositoryConfigurationDelegate : Finished Spring Data repository scanning in 17 ms. Found 1 JPA repository interfaces.
2021-11-12 11:10:06.253  INFO 22880 --- [           main] o.s.b.w.embedded.tomcat.TomcatWebServer  : Tomcat initialized with port(s): 0 (http)
2021-11-12 11:10:06.255  INFO 22880 --- [           main] o.apache.catalina.core.StandardService   : Starting service [Tomcat]
2021-11-12 11:10:06.256  INFO 22880 --- [           main] org.apache.catalina.core.StandardEngine  : Starting Servlet engine: [Apache Tomcat/9.0.54]
2021-11-12 11:10:06.315  INFO 22880 --- [           main] o.a.c.c.C.[Tomcat-1].[localhost].[/]     : Initializing Spring embedded WebApplicationContext
2021-11-12 11:10:06.315  INFO 22880 --- [           main] w.s.c.ServletWebServerApplicationContext : Root WebApplicationContext: initialization completed in 732 ms
2021-11-12 11:10:06.367  INFO 22880 --- [           main] com.zaxxer.hikari.HikariDataSource       : HikariPool-3 - Starting...
2021-11-12 11:10:06.368  INFO 22880 --- [           main] com.zaxxer.hikari.HikariDataSource       : HikariPool-3 - Start completed.
2021-11-12 11:10:06.368  INFO 22880 --- [           main] o.s.b.a.h2.H2ConsoleAutoConfiguration    : H2 console available at '/h2-console'. Database available at 'jdbc:h2:mem:testdb'
2021-11-12 11:10:06.536  INFO 22880 --- [           main] o.hibernate.jpa.internal.util.LogHelper  : HHH000204: Processing PersistenceUnitInfo [name: default]
2021-11-12 11:10:06.545  INFO 22880 --- [           main] org.hibernate.dialect.Dialect            : HHH000400: Using dialect: org.hibernate.dialect.H2Dialect
Hibernate: drop table if exists customer_account CASCADE 
Hibernate: create table customer_account (id integer generated by default as identity, dob varchar(255), email varchar(255), name varchar(255), primary key (id))
2021-11-12 11:10:06.579  INFO 22880 --- [           main] o.h.e.t.j.p.i.JtaPlatformInitiator       : HHH000490: Using JtaPlatform implementation: [org.hibernate.engine.transaction.jta.platform.internal.NoJtaPlatform]
2021-11-12 11:10:06.579  INFO 22880 --- [           main] j.LocalContainerEntityManagerFactoryBean : Initialized JPA EntityManagerFactory for persistence unit 'default'
2021-11-12 11:10:06.643  WARN 22880 --- [           main] JpaBaseConfiguration$JpaWebConfiguration : spring.jpa.open-in-view is enabled by default. Therefore, database queries may be performed during view rendering. Explicitly configure spring.jpa.open-in-view to disable this warning
2021-11-12 11:10:07.024  INFO 22880 --- [           main] o.s.b.w.embedded.tomcat.TomcatWebServer  : Tomcat started on port(s): 58132 (http) with context path ''
2021-11-12 11:10:07.028  INFO 22880 --- [           main] c.q.C.S.CustomerAccountServiceDBUnitTest : Started CustomerAccountServiceDBUnitTest in 1.497 seconds (JVM running for 12.857)
]]></system-out>
  </testcase>
  <testcase name="testRemoveCustomerAccount" classname="com.qa.CustomerAccount.Service.CustomerAccountServiceDBUnitTest" time="0.103"/>
  <testcase name="testCreateCustomerAccountMeth" classname="com.qa.CustomerAccount.Service.CustomerAccountServiceDBUnitTest" time="0.007"/>
  <testcase name="testgetCustomerAccount" classname="com.qa.CustomerAccount.Service.CustomerAccountServiceDBUnitTest" time="0.005"/>
  <testcase name="testgetAllCustomerAccounts" classname="com.qa.CustomerAccount.Service.CustomerAccountServiceDBUnitTest" time="0.016"/>
</testsuite>